15:01:15.383 logback [main] INFO  com.hc.system.HcSystemApplication - Starting HcSystemApplication on camus-PC-201410201133 with PID 7424 (E:\intellij-hc\demo\hc-system\target\classes started by Administrator in E:\intellij-hc\demo\hc-system)
15:01:15.385 logback [main] INFO  com.hc.system.HcSystemApplication - The following profiles are active: dev
15:01:15.435 logback [main] INFO  o.s.b.c.e.AnnotationConfigEmbeddedWebApplicationContext - Refreshing org.springframework.boot.context.embedded.AnnotationConfigEmbeddedWebApplicationContext@309e345f: startup date [Mon Mar 26 15:01:15 CST 2018]; root of context hierarchy
15:01:15.974 logback [background-preinit] INFO  o.h.validator.internal.util.Version - HV000001: Hibernate Validator 5.3.6.Final
15:01:17.317 logback [main] INFO  o.s.c.s.PostProcessorRegistrationDelegate$BeanPostProcessorChecker - Bean 'druidConfig' of type [com.hc.system.config.dao.DruidConfig$$EnhancerBySpringCGLIB$$9f55c489] is not eligible for getting processed by all BeanPostProcessors (for example: not eligible for auto-proxying)
15:01:17.430 logback [main] INFO  o.s.c.s.PostProcessorRegistrationDelegate$BeanPostProcessorChecker - Bean 'statFilter' of type [com.alibaba.druid.filter.stat.StatFilter] is not eligible for getting processed by all BeanPostProcessors (for example: not eligible for auto-proxying)
15:01:17.460 logback [main] INFO  o.s.c.s.PostProcessorRegistrationDelegate$BeanPostProcessorChecker - Bean 'wallFilter' of type [com.alibaba.druid.wall.WallFilter] is not eligible for getting processed by all BeanPostProcessors (for example: not eligible for auto-proxying)
15:01:17.497 logback [main] INFO  o.s.c.s.PostProcessorRegistrationDelegate$BeanPostProcessorChecker - Bean 'dataSource' of type [com.alibaba.druid.pool.DruidDataSource] is not eligible for getting processed by all BeanPostProcessors (for example: not eligible for auto-proxying)
15:01:17.502 logback [main] INFO  o.s.c.s.PostProcessorRegistrationDelegate$BeanPostProcessorChecker - Bean 'org.springframework.boot.autoconfigure.jdbc.DataSourceAutoConfiguration' of type [org.springframework.boot.autoconfigure.jdbc.DataSourceAutoConfiguration$$EnhancerBySpringCGLIB$$bce1c36f] is not eligible for getting processed by all BeanPostProcessors (for example: not eligible for auto-proxying)
15:01:17.605 logback [main] INFO  o.s.c.s.PostProcessorRegistrationDelegate$BeanPostProcessorChecker - Bean 'spring.datasource-org.springframework.boot.autoconfigure.jdbc.DataSourceProperties' of type [org.springframework.boot.autoconfigure.jdbc.DataSourceProperties] is not eligible for getting processed by all BeanPostProcessors (for example: not eligible for auto-proxying)
15:01:17.615 logback [main] INFO  o.s.c.s.PostProcessorRegistrationDelegate$BeanPostProcessorChecker - Bean 'dataSourceInitializer' of type [org.springframework.boot.autoconfigure.jdbc.DataSourceInitializer] is not eligible for getting processed by all BeanPostProcessors (for example: not eligible for auto-proxying)
15:01:17.617 logback [main] INFO  o.s.c.s.PostProcessorRegistrationDelegate$BeanPostProcessorChecker - Bean 'transationManagementConfiguration' of type [com.hc.system.config.service.TransationManagementConfiguration$$EnhancerBySpringCGLIB$$58ece7ce] is not eligible for getting processed by all BeanPostProcessors (for example: not eligible for auto-proxying)
15:01:17.622 logback [main] INFO  o.s.c.s.PostProcessorRegistrationDelegate$BeanPostProcessorChecker - Bean 'org.springframework.transaction.annotation.ProxyTransactionManagementConfiguration' of type [org.springframework.transaction.annotation.ProxyTransactionManagementConfiguration$$EnhancerBySpringCGLIB$$daee200f] is not eligible for getting processed by all BeanPostProcessors (for example: not eligible for auto-proxying)
15:01:18.023 logback [main] INFO  o.s.b.c.e.t.TomcatEmbeddedServletContainer - Tomcat initialized with port(s): 8080 (http)
15:01:18.034 logback [main] INFO  o.a.catalina.core.StandardService - Starting service [Tomcat]
15:01:18.035 logback [main] INFO  o.a.catalina.core.StandardEngine - Starting Servlet Engine: Apache Tomcat/8.5.27
15:01:18.172 logback [localhost-startStop-1] INFO  o.a.c.c.C.[.[localhost].[/hc-system] - Initializing Spring embedded WebApplicationContext
15:01:18.173 logback [localhost-startStop-1] INFO  o.s.web.context.ContextLoader - Root WebApplicationContext: initialization completed in 2738 ms
15:01:18.353 logback [localhost-startStop-1] INFO  o.s.b.w.s.ServletRegistrationBean - Mapping servlet: 'statViewServlet' to [/druid/*]
15:01:18.354 logback [localhost-startStop-1] INFO  o.s.b.w.s.ServletRegistrationBean - Mapping servlet: 'dispatcherServlet' to [/]
15:01:18.364 logback [localhost-startStop-1] INFO  o.s.b.w.s.FilterRegistrationBean - Mapping filter: 'characterEncodingFilter' to: [/*]
15:01:18.364 logback [localhost-startStop-1] INFO  o.s.b.w.s.FilterRegistrationBean - Mapping filter: 'hiddenHttpMethodFilter' to: [/*]
15:01:18.364 logback [localhost-startStop-1] INFO  o.s.b.w.s.FilterRegistrationBean - Mapping filter: 'httpPutFormContentFilter' to: [/*]
15:01:18.364 logback [localhost-startStop-1] INFO  o.s.b.w.s.FilterRegistrationBean - Mapping filter: 'requestContextFilter' to: [/*]
15:01:18.365 logback [localhost-startStop-1] INFO  o.s.b.w.s.FilterRegistrationBean - Mapping filter: 'webStatFilter' to urls: [/*]
15:01:19.337 logback [main] INFO  o.s.w.s.m.m.a.RequestMappingHandlerMapping - Mapped "{[/manage/modifyarea],methods=[POST]}" onto public java.util.Map<java.lang.String, java.lang.Object> com.hc.system.controller.AreaController.modifyArea(com.hc.system.entity.Area)
15:01:19.339 logback [main] INFO  o.s.w.s.m.m.a.RequestMappingHandlerMapping - Mapped "{[/manage/list_area],methods=[GET]}" onto public java.util.Map<java.lang.String, java.lang.Object> com.hc.system.controller.AreaController.listArea()
15:01:19.344 logback [main] INFO  o.s.w.s.m.m.a.RequestMappingHandlerMapping - Mapped "{[/manage/getareabyid],methods=[GET]}" onto public java.util.Map<java.lang.String, java.lang.Object> com.hc.system.controller.AreaController.getAreaById(java.lang.Integer)
15:01:19.345 logback [main] INFO  o.s.w.s.m.m.a.RequestMappingHandlerMapping - Mapped "{[/manage/addarea],methods=[POST]}" onto public java.util.Map<java.lang.String, java.lang.Object> com.hc.system.controller.AreaController.addArea(com.hc.system.entity.Area)
15:01:19.345 logback [main] INFO  o.s.w.s.m.m.a.RequestMappingHandlerMapping - Mapped "{[/manage/removearea],methods=[GET]}" onto public java.util.Map<java.lang.String, java.lang.Object> com.hc.system.controller.AreaController.removeArea(java.lang.Integer)
15:01:19.347 logback [main] INFO  o.s.w.s.m.m.a.RequestMappingHandlerMapping - Mapped "{[/v2/api-docs],methods=[GET],produces=[application/json || application/hal+json]}" onto public org.springframework.http.ResponseEntity<springfox.documentation.spring.web.json.Json> springfox.documentation.swagger2.web.Swagger2Controller.getDocumentation(java.lang.String,javax.servlet.http.HttpServletRequest)
15:01:19.350 logback [main] INFO  o.s.w.s.m.m.a.RequestMappingHandlerMapping - Mapped "{[/swagger-resources/configuration/security]}" onto org.springframework.http.ResponseEntity<springfox.documentation.swagger.web.SecurityConfiguration> springfox.documentation.swagger.web.ApiResourceController.securityConfiguration()
15:01:19.357 logback [main] INFO  o.s.w.s.m.m.a.RequestMappingHandlerMapping - Mapped "{[/swagger-resources/configuration/ui]}" onto org.springframework.http.ResponseEntity<springfox.documentation.swagger.web.UiConfiguration> springfox.documentation.swagger.web.ApiResourceController.uiConfiguration()
15:01:19.358 logback [main] INFO  o.s.w.s.m.m.a.RequestMappingHandlerMapping - Mapped "{[/swagger-resources]}" onto org.springframework.http.ResponseEntity<java.util.List<springfox.documentation.swagger.web.SwaggerResource>> springfox.documentation.swagger.web.ApiResourceController.swaggerResources()
15:01:19.361 logback [main] INFO  o.s.w.s.m.m.a.RequestMappingHandlerMapping - Mapped "{[/error]}" onto public org.springframework.http.ResponseEntity<java.util.Map<java.lang.String, java.lang.Object>> org.springframework.boot.autoconfigure.web.BasicErrorController.error(javax.servlet.http.HttpServletRequest)
15:01:19.362 logback [main] INFO  o.s.w.s.m.m.a.RequestMappingHandlerMapping - Mapped "{[/error],produces=[text/html]}" onto public org.springframework.web.servlet.ModelAndView org.springframework.boot.autoconfigure.web.BasicErrorController.errorHtml(javax.servlet.http.HttpServletRequest,javax.servlet.http.HttpServletResponse)
15:01:19.739 logback [main] INFO  o.s.w.s.m.m.a.RequestMappingHandlerAdapter - Looking for @ControllerAdvice: org.springframework.boot.context.embedded.AnnotationConfigEmbeddedWebApplicationContext@309e345f: startup date [Mon Mar 26 15:01:15 CST 2018]; root of context hierarchy
15:01:19.799 logback [main] INFO  o.s.w.s.h.SimpleUrlHandlerMapping - Mapped URL path [/toLogin] onto handler of type [class org.springframework.web.servlet.mvc.ParameterizableViewController]
15:01:19.813 logback [main] INFO  o.s.w.s.h.SimpleUrlHandlerMapping - Mapped URL path [/my/**] onto handler of type [class org.springframework.web.servlet.resource.ResourceHttpRequestHandler]
15:01:19.813 logback [main] INFO  o.s.w.s.h.SimpleUrlHandlerMapping - Mapped URL path [/webjars/**] onto handler of type [class org.springframework.web.servlet.resource.ResourceHttpRequestHandler]
15:01:19.813 logback [main] INFO  o.s.w.s.h.SimpleUrlHandlerMapping - Mapped URL path [/**] onto handler of type [class org.springframework.web.servlet.resource.ResourceHttpRequestHandler]
15:01:19.828 logback [main] INFO  o.s.w.s.m.m.a.ExceptionHandlerExceptionResolver - Detected @ExceptionHandler methods in globalExceptionHandler
15:01:19.867 logback [main] INFO  o.s.w.s.h.SimpleUrlHandlerMapping - Mapped URL path [/**/favicon.ico] onto handler of type [class org.springframework.web.servlet.resource.ResourceHttpRequestHandler]
15:01:20.225 logback [main] INFO  o.s.j.e.a.AnnotationMBeanExporter - Registering beans for JMX exposure on startup
15:01:20.226 logback [main] INFO  o.s.j.e.a.AnnotationMBeanExporter - Bean with name 'dataSource' has been autodetected for JMX exposure
15:01:20.226 logback [main] INFO  o.s.j.e.a.AnnotationMBeanExporter - Bean with name 'statFilter' has been autodetected for JMX exposure
15:01:20.226 logback [main] INFO  o.s.j.e.a.AnnotationMBeanExporter - Bean with name 'wallFilter' has been autodetected for JMX exposure
15:01:20.231 logback [main] INFO  o.s.j.e.a.AnnotationMBeanExporter - Located MBean 'dataSource': registering with JMX server as MBean [com.alibaba.druid.pool:name=dataSource,type=DruidDataSource]
15:01:20.233 logback [main] INFO  o.s.j.e.a.AnnotationMBeanExporter - Located MBean 'wallFilter': registering with JMX server as MBean [com.alibaba.druid.wall:name=wallFilter,type=WallFilter]
15:01:20.234 logback [main] INFO  o.s.j.e.a.AnnotationMBeanExporter - Located MBean 'statFilter': registering with JMX server as MBean [com.alibaba.druid.filter.stat:name=statFilter,type=StatFilter]
15:01:20.237 logback [main] INFO  o.s.c.s.DefaultLifecycleProcessor - Starting beans in phase 2147483647
15:01:20.238 logback [main] INFO  s.d.s.w.p.DocumentationPluginsBootstrapper - Context refreshed
15:01:20.257 logback [main] INFO  s.d.s.w.p.DocumentationPluginsBootstrapper - Found 1 custom documentation plugin(s)
15:01:20.282 logback [main] INFO  s.d.s.w.s.ApiListingReferenceScanner - Scanning for api listing references
15:01:20.460 logback [main] INFO  o.a.coyote.http11.Http11NioProtocol - Initializing ProtocolHandler ["http-nio-8080"]
15:01:20.476 logback [main] INFO  o.a.coyote.http11.Http11NioProtocol - Starting ProtocolHandler ["http-nio-8080"]
15:01:20.499 logback [main] INFO  o.a.tomcat.util.net.NioSelectorPool - Using a shared selector for servlet write/read
15:01:20.553 logback [main] INFO  o.s.b.c.e.t.TomcatEmbeddedServletContainer - Tomcat started on port(s): 8080 (http)
15:01:20.558 logback [main] INFO  com.hc.system.HcSystemApplication - Started HcSystemApplication in 5.589 seconds (JVM running for 5.937)
15:01:23.706 logback [http-nio-8080-exec-1] INFO  o.a.c.c.C.[.[localhost].[/hc-system] - Initializing Spring FrameworkServlet 'dispatcherServlet'
15:01:23.706 logback [http-nio-8080-exec-1] INFO  o.s.web.servlet.DispatcherServlet - FrameworkServlet 'dispatcherServlet': initialization started
15:01:23.723 logback [http-nio-8080-exec-1] INFO  o.s.web.servlet.DispatcherServlet - FrameworkServlet 'dispatcherServlet': initialization completed in 17 ms
15:01:23.809 logback [http-nio-8080-exec-1] INFO  c.alibaba.druid.pool.DruidDataSource - {dataSource-1} inited
15:29:24.057 logback [main] INFO  com.hc.system.HcSystemApplication - Starting HcSystemApplication on camus-PC-201410201133 with PID 7644 (E:\intellij-hc\demo\hc-system\target\classes started by Administrator in E:\intellij-hc\demo\hc-system)
15:29:24.059 logback [main] INFO  com.hc.system.HcSystemApplication - No active profile set, falling back to default profiles: default
15:29:24.100 logback [main] INFO  o.s.b.c.e.AnnotationConfigEmbeddedWebApplicationContext - Refreshing org.springframework.boot.context.embedded.AnnotationConfigEmbeddedWebApplicationContext@184cf7cf: startup date [Mon Mar 26 15:29:24 CST 2018]; root of context hierarchy
15:29:24.482 logback [background-preinit] INFO  o.h.validator.internal.util.Version - HV000001: Hibernate Validator 5.3.6.Final
15:29:26.101 logback [main] INFO  o.s.c.s.PostProcessorRegistrationDelegate$BeanPostProcessorChecker - Bean 'druidConfig' of type [com.hc.system.config.dao.DruidConfig$$EnhancerBySpringCGLIB$$1ed0d13] is not eligible for getting processed by all BeanPostProcessors (for example: not eligible for auto-proxying)
15:29:26.192 logback [main] INFO  o.s.c.s.PostProcessorRegistrationDelegate$BeanPostProcessorChecker - Bean 'statFilter' of type [com.alibaba.druid.filter.stat.StatFilter] is not eligible for getting processed by all BeanPostProcessors (for example: not eligible for auto-proxying)
15:29:26.210 logback [main] INFO  o.s.c.s.PostProcessorRegistrationDelegate$BeanPostProcessorChecker - Bean 'wallFilter' of type [com.alibaba.druid.wall.WallFilter] is not eligible for getting processed by all BeanPostProcessors (for example: not eligible for auto-proxying)
15:29:26.237 logback [main] INFO  o.s.c.s.PostProcessorRegistrationDelegate$BeanPostProcessorChecker - Bean 'dataSource' of type [com.alibaba.druid.pool.DruidDataSource] is not eligible for getting processed by all BeanPostProcessors (for example: not eligible for auto-proxying)
15:29:26.251 logback [main] INFO  o.s.c.s.PostProcessorRegistrationDelegate$BeanPostProcessorChecker - Bean 'org.springframework.boot.autoconfigure.jdbc.DataSourceAutoConfiguration' of type [org.springframework.boot.autoconfigure.jdbc.DataSourceAutoConfiguration$$EnhancerBySpringCGLIB$$1f790bf9] is not eligible for getting processed by all BeanPostProcessors (for example: not eligible for auto-proxying)
15:29:26.364 logback [main] INFO  o.s.c.s.PostProcessorRegistrationDelegate$BeanPostProcessorChecker - Bean 'spring.datasource-org.springframework.boot.autoconfigure.jdbc.DataSourceProperties' of type [org.springframework.boot.autoconfigure.jdbc.DataSourceProperties] is not eligible for getting processed by all BeanPostProcessors (for example: not eligible for auto-proxying)
15:29:26.377 logback [main] INFO  o.s.c.s.PostProcessorRegistrationDelegate$BeanPostProcessorChecker - Bean 'dataSourceInitializer' of type [org.springframework.boot.autoconfigure.jdbc.DataSourceInitializer] is not eligible for getting processed by all BeanPostProcessors (for example: not eligible for auto-proxying)
15:29:26.380 logback [main] INFO  o.s.c.s.PostProcessorRegistrationDelegate$BeanPostProcessorChecker - Bean 'transationManagementConfiguration' of type [com.hc.system.config.service.TransationManagementConfiguration$$EnhancerBySpringCGLIB$$bb843058] is not eligible for getting processed by all BeanPostProcessors (for example: not eligible for auto-proxying)
15:29:26.387 logback [main] INFO  o.s.c.s.PostProcessorRegistrationDelegate$BeanPostProcessorChecker - Bean 'org.springframework.transaction.annotation.ProxyTransactionManagementConfiguration' of type [org.springframework.transaction.annotation.ProxyTransactionManagementConfiguration$$EnhancerBySpringCGLIB$$3d856899] is not eligible for getting processed by all BeanPostProcessors (for example: not eligible for auto-proxying)
15:29:26.781 logback [main] INFO  o.s.b.c.e.t.TomcatEmbeddedServletContainer - Tomcat initialized with port(s): 8080 (http)
15:29:26.792 logback [main] INFO  o.a.catalina.core.StandardService - Starting service [Tomcat]
15:29:26.794 logback [main] INFO  o.a.catalina.core.StandardEngine - Starting Servlet Engine: Apache Tomcat/8.5.27
15:29:26.929 logback [localhost-startStop-1] INFO  o.a.c.c.C.[.[localhost].[/hc-system] - Initializing Spring embedded WebApplicationContext
15:29:26.929 logback [localhost-startStop-1] INFO  o.s.web.context.ContextLoader - Root WebApplicationContext: initialization completed in 2829 ms
15:29:27.181 logback [localhost-startStop-1] INFO  o.s.b.w.s.ServletRegistrationBean - Mapping servlet: 'statViewServlet' to [/druid/*]
15:29:27.182 logback [localhost-startStop-1] INFO  o.s.b.w.s.ServletRegistrationBean - Mapping servlet: 'dispatcherServlet' to [/]
15:29:27.187 logback [localhost-startStop-1] INFO  o.s.b.w.s.FilterRegistrationBean - Mapping filter: 'characterEncodingFilter' to: [/*]
15:29:27.188 logback [localhost-startStop-1] INFO  o.s.b.w.s.FilterRegistrationBean - Mapping filter: 'hiddenHttpMethodFilter' to: [/*]
15:29:27.188 logback [localhost-startStop-1] INFO  o.s.b.w.s.FilterRegistrationBean - Mapping filter: 'httpPutFormContentFilter' to: [/*]
15:29:27.188 logback [localhost-startStop-1] INFO  o.s.b.w.s.FilterRegistrationBean - Mapping filter: 'requestContextFilter' to: [/*]
15:29:27.188 logback [localhost-startStop-1] INFO  o.s.b.w.s.FilterRegistrationBean - Mapping filter: 'webStatFilter' to urls: [/*]
15:29:28.245 logback [main] INFO  o.s.w.s.m.m.a.RequestMappingHandlerMapping - Mapped "{[/manage/removearea],methods=[GET]}" onto public java.util.Map<java.lang.String, java.lang.Object> com.hc.system.controller.AreaController.removeArea(java.lang.Integer)
15:29:28.246 logback [main] INFO  o.s.w.s.m.m.a.RequestMappingHandlerMapping - Mapped "{[/manage/modifyarea],methods=[POST]}" onto public java.util.Map<java.lang.String, java.lang.Object> com.hc.system.controller.AreaController.modifyArea(com.hc.system.entity.Area)
15:29:28.246 logback [main] INFO  o.s.w.s.m.m.a.RequestMappingHandlerMapping - Mapped "{[/manage/getareabyid],methods=[GET]}" onto public java.util.Map<java.lang.String, java.lang.Object> com.hc.system.controller.AreaController.getAreaById(java.lang.Integer)
15:29:28.246 logback [main] INFO  o.s.w.s.m.m.a.RequestMappingHandlerMapping - Mapped "{[/manage/addarea],methods=[POST]}" onto public java.util.Map<java.lang.String, java.lang.Object> com.hc.system.controller.AreaController.addArea(com.hc.system.entity.Area)
15:29:28.246 logback [main] INFO  o.s.w.s.m.m.a.RequestMappingHandlerMapping - Mapped "{[/manage/list_area],methods=[GET]}" onto public java.util.Map<java.lang.String, java.lang.Object> com.hc.system.controller.AreaController.listArea()
15:29:28.247 logback [main] INFO  o.s.w.s.m.m.a.RequestMappingHandlerMapping - Mapped "{[/v2/api-docs],methods=[GET],produces=[application/json || application/hal+json]}" onto public org.springframework.http.ResponseEntity<springfox.documentation.spring.web.json.Json> springfox.documentation.swagger2.web.Swagger2Controller.getDocumentation(java.lang.String,javax.servlet.http.HttpServletRequest)
15:29:28.255 logback [main] INFO  o.s.w.s.m.m.a.RequestMappingHandlerMapping - Mapped "{[/swagger-resources/configuration/security]}" onto org.springframework.http.ResponseEntity<springfox.documentation.swagger.web.SecurityConfiguration> springfox.documentation.swagger.web.ApiResourceController.securityConfiguration()
15:29:28.256 logback [main] INFO  o.s.w.s.m.m.a.RequestMappingHandlerMapping - Mapped "{[/swagger-resources/configuration/ui]}" onto org.springframework.http.ResponseEntity<springfox.documentation.swagger.web.UiConfiguration> springfox.documentation.swagger.web.ApiResourceController.uiConfiguration()
15:29:28.257 logback [main] INFO  o.s.w.s.m.m.a.RequestMappingHandlerMapping - Mapped "{[/swagger-resources]}" onto org.springframework.http.ResponseEntity<java.util.List<springfox.documentation.swagger.web.SwaggerResource>> springfox.documentation.swagger.web.ApiResourceController.swaggerResources()
15:29:28.260 logback [main] INFO  o.s.w.s.m.m.a.RequestMappingHandlerMapping - Mapped "{[/error]}" onto public org.springframework.http.ResponseEntity<java.util.Map<java.lang.String, java.lang.Object>> org.springframework.boot.autoconfigure.web.BasicErrorController.error(javax.servlet.http.HttpServletRequest)
15:29:28.260 logback [main] INFO  o.s.w.s.m.m.a.RequestMappingHandlerMapping - Mapped "{[/error],produces=[text/html]}" onto public org.springframework.web.servlet.ModelAndView org.springframework.boot.autoconfigure.web.BasicErrorController.errorHtml(javax.servlet.http.HttpServletRequest,javax.servlet.http.HttpServletResponse)
15:29:28.612 logback [main] INFO  o.s.w.s.m.m.a.RequestMappingHandlerAdapter - Looking for @ControllerAdvice: org.springframework.boot.context.embedded.AnnotationConfigEmbeddedWebApplicationContext@184cf7cf: startup date [Mon Mar 26 15:29:24 CST 2018]; root of context hierarchy
15:29:28.662 logback [main] INFO  o.s.w.s.h.SimpleUrlHandlerMapping - Mapped URL path [/toLogin] onto handler of type [class org.springframework.web.servlet.mvc.ParameterizableViewController]
15:29:28.679 logback [main] INFO  o.s.w.s.h.SimpleUrlHandlerMapping - Mapped URL path [/my/**] onto handler of type [class org.springframework.web.servlet.resource.ResourceHttpRequestHandler]
15:29:28.680 logback [main] INFO  o.s.w.s.h.SimpleUrlHandlerMapping - Mapped URL path [/webjars/**] onto handler of type [class org.springframework.web.servlet.resource.ResourceHttpRequestHandler]
15:29:28.681 logback [main] INFO  o.s.w.s.h.SimpleUrlHandlerMapping - Mapped URL path [/**] onto handler of type [class org.springframework.web.servlet.resource.ResourceHttpRequestHandler]
15:29:28.701 logback [main] INFO  o.s.w.s.m.m.a.ExceptionHandlerExceptionResolver - Detected @ExceptionHandler methods in globalExceptionHandler
15:29:28.732 logback [main] INFO  o.s.w.s.h.SimpleUrlHandlerMapping - Mapped URL path [/**/favicon.ico] onto handler of type [class org.springframework.web.servlet.resource.ResourceHttpRequestHandler]
15:29:29.170 logback [main] INFO  o.s.j.e.a.AnnotationMBeanExporter - Registering beans for JMX exposure on startup
15:29:29.171 logback [main] INFO  o.s.j.e.a.AnnotationMBeanExporter - Bean with name 'dataSource' has been autodetected for JMX exposure
15:29:29.171 logback [main] INFO  o.s.j.e.a.AnnotationMBeanExporter - Bean with name 'statFilter' has been autodetected for JMX exposure
15:29:29.172 logback [main] INFO  o.s.j.e.a.AnnotationMBeanExporter - Bean with name 'wallFilter' has been autodetected for JMX exposure
15:29:29.177 logback [main] INFO  o.s.j.e.a.AnnotationMBeanExporter - Located MBean 'dataSource': registering with JMX server as MBean [com.alibaba.druid.pool:name=dataSource,type=DruidDataSource]
15:29:29.179 logback [main] INFO  o.s.j.e.a.AnnotationMBeanExporter - Located MBean 'wallFilter': registering with JMX server as MBean [com.alibaba.druid.wall:name=wallFilter,type=WallFilter]
15:29:29.180 logback [main] INFO  o.s.j.e.a.AnnotationMBeanExporter - Located MBean 'statFilter': registering with JMX server as MBean [com.alibaba.druid.filter.stat:name=statFilter,type=StatFilter]
15:29:29.183 logback [main] INFO  o.s.c.s.DefaultLifecycleProcessor - Starting beans in phase 2147483647
15:29:29.184 logback [main] INFO  s.d.s.w.p.DocumentationPluginsBootstrapper - Context refreshed
15:29:29.201 logback [main] INFO  s.d.s.w.p.DocumentationPluginsBootstrapper - Found 1 custom documentation plugin(s)
15:29:29.222 logback [main] INFO  s.d.s.w.s.ApiListingReferenceScanner - Scanning for api listing references
15:29:29.395 logback [main] INFO  o.a.coyote.http11.Http11NioProtocol - Initializing ProtocolHandler ["http-nio-8080"]
15:29:29.410 logback [main] INFO  o.a.coyote.http11.Http11NioProtocol - Starting ProtocolHandler ["http-nio-8080"]
15:29:29.434 logback [main] INFO  o.a.tomcat.util.net.NioSelectorPool - Using a shared selector for servlet write/read
15:29:29.455 logback [main] INFO  o.s.b.c.e.t.TomcatEmbeddedServletContainer - Tomcat started on port(s): 8080 (http)
15:29:29.464 logback [main] INFO  com.hc.system.HcSystemApplication - Started HcSystemApplication in 5.815 seconds (JVM running for 6.168)
15:29:36.163 logback [http-nio-8080-exec-1] INFO  o.a.c.c.C.[.[localhost].[/hc-system] - Initializing Spring FrameworkServlet 'dispatcherServlet'
15:29:36.164 logback [http-nio-8080-exec-1] INFO  o.s.web.servlet.DispatcherServlet - FrameworkServlet 'dispatcherServlet': initialization started
15:29:36.180 logback [http-nio-8080-exec-1] INFO  o.s.web.servlet.DispatcherServlet - FrameworkServlet 'dispatcherServlet': initialization completed in 16 ms
15:29:36.282 logback [http-nio-8080-exec-1] INFO  c.alibaba.druid.pool.DruidDataSource - {dataSource-1} inited
17:47:22.775 logback [main] INFO  com.hc.system.HcSystemApplication - Starting HcSystemApplication on camus-PC-201410201133 with PID 10040 (E:\intellij-hc\demo\hc-system\target\classes started by Administrator in E:\intellij-hc\demo\hc-system)
17:47:22.810 logback [main] INFO  com.hc.system.HcSystemApplication - No active profile set, falling back to default profiles: default
17:47:22.855 logback [main] INFO  o.s.b.c.e.AnnotationConfigEmbeddedWebApplicationContext - Refreshing org.springframework.boot.context.embedded.AnnotationConfigEmbeddedWebApplicationContext@769e7ee8: startup date [Mon Mar 26 17:47:22 CST 2018]; root of context hierarchy
17:47:23.403 logback [background-preinit] INFO  o.h.validator.internal.util.Version - HV000001: Hibernate Validator 5.3.6.Final
17:47:24.734 logback [main] INFO  o.s.d.r.c.RepositoryConfigurationDelegate - Multiple Spring Data modules found, entering strict repository configuration mode!
17:47:25.271 logback [main] INFO  o.s.c.s.PostProcessorRegistrationDelegate$BeanPostProcessorChecker - Bean 'druidConfig' of type [com.hc.system.config.dao.DruidConfig$$EnhancerBySpringCGLIB$$7f4dae43] is not eligible for getting processed by all BeanPostProcessors (for example: not eligible for auto-proxying)
17:47:25.367 logback [main] INFO  o.s.c.s.PostProcessorRegistrationDelegate$BeanPostProcessorChecker - Bean 'statFilter' of type [com.alibaba.druid.filter.stat.StatFilter] is not eligible for getting processed by all BeanPostProcessors (for example: not eligible for auto-proxying)
17:47:25.407 logback [main] INFO  o.s.c.s.PostProcessorRegistrationDelegate$BeanPostProcessorChecker - Bean 'wallFilter' of type [com.alibaba.druid.wall.WallFilter] is not eligible for getting processed by all BeanPostProcessors (for example: not eligible for auto-proxying)
17:47:25.458 logback [main] INFO  o.s.c.s.PostProcessorRegistrationDelegate$BeanPostProcessorChecker - Bean 'dataSource' of type [com.alibaba.druid.pool.DruidDataSource] is not eligible for getting processed by all BeanPostProcessors (for example: not eligible for auto-proxying)
17:47:25.465 logback [main] INFO  o.s.c.s.PostProcessorRegistrationDelegate$BeanPostProcessorChecker - Bean 'org.springframework.boot.autoconfigure.jdbc.DataSourceAutoConfiguration' of type [org.springframework.boot.autoconfigure.jdbc.DataSourceAutoConfiguration$$EnhancerBySpringCGLIB$$9cd9ad29] is not eligible for getting processed by all BeanPostProcessors (for example: not eligible for auto-proxying)
17:47:25.657 logback [main] INFO  o.s.c.s.PostProcessorRegistrationDelegate$BeanPostProcessorChecker - Bean 'spring.datasource-org.springframework.boot.autoconfigure.jdbc.DataSourceProperties' of type [org.springframework.boot.autoconfigure.jdbc.DataSourceProperties] is not eligible for getting processed by all BeanPostProcessors (for example: not eligible for auto-proxying)
17:47:25.711 logback [main] INFO  o.s.c.s.PostProcessorRegistrationDelegate$BeanPostProcessorChecker - Bean 'dataSourceInitializer' of type [org.springframework.boot.autoconfigure.jdbc.DataSourceInitializer] is not eligible for getting processed by all BeanPostProcessors (for example: not eligible for auto-proxying)
17:47:25.718 logback [main] INFO  o.s.c.s.PostProcessorRegistrationDelegate$BeanPostProcessorChecker - Bean 'transationManagementConfiguration' of type [com.hc.system.config.service.TransationManagementConfiguration$$EnhancerBySpringCGLIB$$38e4d188] is not eligible for getting processed by all BeanPostProcessors (for example: not eligible for auto-proxying)
17:47:25.726 logback [main] INFO  o.s.c.s.PostProcessorRegistrationDelegate$BeanPostProcessorChecker - Bean 'org.springframework.transaction.annotation.ProxyTransactionManagementConfiguration' of type [org.springframework.transaction.annotation.ProxyTransactionManagementConfiguration$$EnhancerBySpringCGLIB$$bae609c9] is not eligible for getting processed by all BeanPostProcessors (for example: not eligible for auto-proxying)
17:47:26.319 logback [main] INFO  o.s.b.c.e.t.TomcatEmbeddedServletContainer - Tomcat initialized with port(s): 8080 (http)
17:47:26.363 logback [main] INFO  o.a.catalina.core.StandardService - Starting service [Tomcat]
17:47:26.364 logback [main] INFO  o.a.catalina.core.StandardEngine - Starting Servlet Engine: Apache Tomcat/8.5.27
17:47:26.502 logback [localhost-startStop-1] INFO  o.a.c.c.C.[.[localhost].[/hc-system] - Initializing Spring embedded WebApplicationContext
17:47:26.502 logback [localhost-startStop-1] INFO  o.s.web.context.ContextLoader - Root WebApplicationContext: initialization completed in 3647 ms
17:47:26.706 logback [localhost-startStop-1] INFO  o.s.b.w.s.ServletRegistrationBean - Mapping servlet: 'statViewServlet' to [/druid/*]
17:47:26.707 logback [localhost-startStop-1] INFO  o.s.b.w.s.ServletRegistrationBean - Mapping servlet: 'dispatcherServlet' to [/]
17:47:26.710 logback [localhost-startStop-1] INFO  o.s.b.w.s.FilterRegistrationBean - Mapping filter: 'characterEncodingFilter' to: [/*]
17:47:26.710 logback [localhost-startStop-1] INFO  o.s.b.w.s.FilterRegistrationBean - Mapping filter: 'hiddenHttpMethodFilter' to: [/*]
17:47:26.710 logback [localhost-startStop-1] INFO  o.s.b.w.s.FilterRegistrationBean - Mapping filter: 'httpPutFormContentFilter' to: [/*]
17:47:26.710 logback [localhost-startStop-1] INFO  o.s.b.w.s.FilterRegistrationBean - Mapping filter: 'requestContextFilter' to: [/*]
17:47:26.711 logback [localhost-startStop-1] INFO  o.s.b.w.s.FilterRegistrationBean - Mapping filter: 'webStatFilter' to urls: [/*]
17:47:28.051 logback [main] INFO  o.s.w.s.m.m.a.RequestMappingHandlerMapping - Mapped "{[/manage/getareabyid],methods=[GET]}" onto public java.util.Map<java.lang.String, java.lang.Object> com.hc.system.controller.AreaController.getAreaById(java.lang.Integer)
17:47:28.053 logback [main] INFO  o.s.w.s.m.m.a.RequestMappingHandlerMapping - Mapped "{[/manage/addarea],methods=[POST]}" onto public java.util.Map<java.lang.String, java.lang.Object> com.hc.system.controller.AreaController.addArea(com.hc.system.entity.Area)
17:47:28.058 logback [main] INFO  o.s.w.s.m.m.a.RequestMappingHandlerMapping - Mapped "{[/manage/modifyarea],methods=[POST]}" onto public java.util.Map<java.lang.String, java.lang.Object> com.hc.system.controller.AreaController.modifyArea(com.hc.system.entity.Area)
17:47:28.058 logback [main] INFO  o.s.w.s.m.m.a.RequestMappingHandlerMapping - Mapped "{[/manage/removearea],methods=[GET]}" onto public java.util.Map<java.lang.String, java.lang.Object> com.hc.system.controller.AreaController.removeArea(java.lang.Integer)
17:47:28.059 logback [main] INFO  o.s.w.s.m.m.a.RequestMappingHandlerMapping - Mapped "{[/manage/list_area],methods=[GET]}" onto public java.util.Map<java.lang.String, java.lang.Object> com.hc.system.controller.AreaController.listArea()
17:47:28.060 logback [main] INFO  o.s.w.s.m.m.a.RequestMappingHandlerMapping - Mapped "{[/redis/test]}" onto public java.lang.Object com.hc.system.controller.RedisController.test()
17:47:28.060 logback [main] INFO  o.s.w.s.m.m.a.RequestMappingHandlerMapping - Mapped "{[/v2/api-docs],methods=[GET],produces=[application/json || application/hal+json]}" onto public org.springframework.http.ResponseEntity<springfox.documentation.spring.web.json.Json> springfox.documentation.swagger2.web.Swagger2Controller.getDocumentation(java.lang.String,javax.servlet.http.HttpServletRequest)
17:47:28.066 logback [main] INFO  o.s.w.s.m.m.a.RequestMappingHandlerMapping - Mapped "{[/swagger-resources]}" onto org.springframework.http.ResponseEntity<java.util.List<springfox.documentation.swagger.web.SwaggerResource>> springfox.documentation.swagger.web.ApiResourceController.swaggerResources()
17:47:28.071 logback [main] INFO  o.s.w.s.m.m.a.RequestMappingHandlerMapping - Mapped "{[/swagger-resources/configuration/ui]}" onto org.springframework.http.ResponseEntity<springfox.documentation.swagger.web.UiConfiguration> springfox.documentation.swagger.web.ApiResourceController.uiConfiguration()
17:47:28.072 logback [main] INFO  o.s.w.s.m.m.a.RequestMappingHandlerMapping - Mapped "{[/swagger-resources/configuration/security]}" onto org.springframework.http.ResponseEntity<springfox.documentation.swagger.web.SecurityConfiguration> springfox.documentation.swagger.web.ApiResourceController.securityConfiguration()
17:47:28.078 logback [main] INFO  o.s.w.s.m.m.a.RequestMappingHandlerMapping - Mapped "{[/error]}" onto public org.springframework.http.ResponseEntity<java.util.Map<java.lang.String, java.lang.Object>> org.springframework.boot.autoconfigure.web.BasicErrorController.error(javax.servlet.http.HttpServletRequest)
17:47:28.078 logback [main] INFO  o.s.w.s.m.m.a.RequestMappingHandlerMapping - Mapped "{[/error],produces=[text/html]}" onto public org.springframework.web.servlet.ModelAndView org.springframework.boot.autoconfigure.web.BasicErrorController.errorHtml(javax.servlet.http.HttpServletRequest,javax.servlet.http.HttpServletResponse)
17:47:28.507 logback [main] INFO  o.s.w.s.m.m.a.RequestMappingHandlerAdapter - Looking for @ControllerAdvice: org.springframework.boot.context.embedded.AnnotationConfigEmbeddedWebApplicationContext@769e7ee8: startup date [Mon Mar 26 17:47:22 CST 2018]; root of context hierarchy
17:47:28.553 logback [main] INFO  o.s.w.s.h.SimpleUrlHandlerMapping - Mapped URL path [/toLogin] onto handler of type [class org.springframework.web.servlet.mvc.ParameterizableViewController]
17:47:28.575 logback [main] INFO  o.s.w.s.h.SimpleUrlHandlerMapping - Mapped URL path [/my/**] onto handler of type [class org.springframework.web.servlet.resource.ResourceHttpRequestHandler]
17:47:28.575 logback [main] INFO  o.s.w.s.h.SimpleUrlHandlerMapping - Mapped URL path [/webjars/**] onto handler of type [class org.springframework.web.servlet.resource.ResourceHttpRequestHandler]
17:47:28.576 logback [main] INFO  o.s.w.s.h.SimpleUrlHandlerMapping - Mapped URL path [/**] onto handler of type [class org.springframework.web.servlet.resource.ResourceHttpRequestHandler]
17:47:28.601 logback [main] INFO  o.s.w.s.m.m.a.ExceptionHandlerExceptionResolver - Detected @ExceptionHandler methods in globalExceptionHandler
17:47:28.621 logback [main] INFO  o.s.w.s.h.SimpleUrlHandlerMapping - Mapped URL path [/**/favicon.ico] onto handler of type [class org.springframework.web.servlet.resource.ResourceHttpRequestHandler]
17:47:29.294 logback [main] INFO  o.s.j.e.a.AnnotationMBeanExporter - Registering beans for JMX exposure on startup
17:47:29.295 logback [main] INFO  o.s.j.e.a.AnnotationMBeanExporter - Bean with name 'dataSource' has been autodetected for JMX exposure
17:47:29.295 logback [main] INFO  o.s.j.e.a.AnnotationMBeanExporter - Bean with name 'statFilter' has been autodetected for JMX exposure
17:47:29.295 logback [main] INFO  o.s.j.e.a.AnnotationMBeanExporter - Bean with name 'wallFilter' has been autodetected for JMX exposure
17:47:29.302 logback [main] INFO  o.s.j.e.a.AnnotationMBeanExporter - Located MBean 'dataSource': registering with JMX server as MBean [com.alibaba.druid.pool:name=dataSource,type=DruidDataSource]
17:47:29.304 logback [main] INFO  o.s.j.e.a.AnnotationMBeanExporter - Located MBean 'wallFilter': registering with JMX server as MBean [com.alibaba.druid.wall:name=wallFilter,type=WallFilter]
17:47:29.305 logback [main] INFO  o.s.j.e.a.AnnotationMBeanExporter - Located MBean 'statFilter': registering with JMX server as MBean [com.alibaba.druid.filter.stat:name=statFilter,type=StatFilter]
17:47:29.308 logback [main] INFO  o.s.c.s.DefaultLifecycleProcessor - Starting beans in phase 2147483647
17:47:29.308 logback [main] INFO  s.d.s.w.p.DocumentationPluginsBootstrapper - Context refreshed
17:47:29.332 logback [main] INFO  s.d.s.w.p.DocumentationPluginsBootstrapper - Found 1 custom documentation plugin(s)
17:47:29.356 logback [main] INFO  s.d.s.w.s.ApiListingReferenceScanner - Scanning for api listing references
17:47:29.702 logback [main] INFO  o.a.coyote.http11.Http11NioProtocol - Initializing ProtocolHandler ["http-nio-8080"]
17:47:29.714 logback [main] INFO  o.a.coyote.http11.Http11NioProtocol - Starting ProtocolHandler ["http-nio-8080"]
17:47:29.724 logback [main] INFO  o.a.tomcat.util.net.NioSelectorPool - Using a shared selector for servlet write/read
17:47:29.747 logback [main] INFO  o.s.b.c.e.t.TomcatEmbeddedServletContainer - Tomcat started on port(s): 8080 (http)
17:47:29.753 logback [main] INFO  com.hc.system.HcSystemApplication - Started HcSystemApplication in 7.405 seconds (JVM running for 7.801)
17:47:54.310 logback [http-nio-8080-exec-4] INFO  o.a.c.c.C.[.[localhost].[/hc-system] - Initializing Spring FrameworkServlet 'dispatcherServlet'
17:47:54.310 logback [http-nio-8080-exec-4] INFO  o.s.web.servlet.DispatcherServlet - FrameworkServlet 'dispatcherServlet': initialization started
17:47:54.337 logback [http-nio-8080-exec-4] INFO  o.s.web.servlet.DispatcherServlet - FrameworkServlet 'dispatcherServlet': initialization completed in 27 ms
17:47:54.429 logback [http-nio-8080-exec-4] INFO  c.h.system.interceptor.MyInterceptor - false
17:47:54.743 logback [http-nio-8080-exec-5] INFO  c.alibaba.druid.pool.DruidDataSource - {dataSource-1} inited
17:48:46.603 logback [main] INFO  com.hc.system.HcSystemApplication - Starting HcSystemApplication on camus-PC-201410201133 with PID 9892 (E:\intellij-hc\demo\hc-system\target\classes started by Administrator in E:\intellij-hc\demo\hc-system)
17:48:46.605 logback [main] INFO  com.hc.system.HcSystemApplication - No active profile set, falling back to default profiles: default
17:48:46.649 logback [main] INFO  o.s.b.c.e.AnnotationConfigEmbeddedWebApplicationContext - Refreshing org.springframework.boot.context.embedded.AnnotationConfigEmbeddedWebApplicationContext@769e7ee8: startup date [Mon Mar 26 17:48:46 CST 2018]; root of context hierarchy
17:48:47.124 logback [background-preinit] INFO  o.h.validator.internal.util.Version - HV000001: Hibernate Validator 5.3.6.Final
17:48:48.405 logback [main] INFO  o.s.d.r.c.RepositoryConfigurationDelegate - Multiple Spring Data modules found, entering strict repository configuration mode!
17:48:48.958 logback [main] INFO  o.s.c.s.PostProcessorRegistrationDelegate$BeanPostProcessorChecker - Bean 'druidConfig' of type [com.hc.system.config.dao.DruidConfig$$EnhancerBySpringCGLIB$$be27b842] is not eligible for getting processed by all BeanPostProcessors (for example: not eligible for auto-proxying)
17:48:49.070 logback [main] INFO  o.s.c.s.PostProcessorRegistrationDelegate$BeanPostProcessorChecker - Bean 'statFilter' of type [com.alibaba.druid.filter.stat.StatFilter] is not eligible for getting processed by all BeanPostProcessors (for example: not eligible for auto-proxying)
17:48:49.090 logback [main] INFO  o.s.c.s.PostProcessorRegistrationDelegate$BeanPostProcessorChecker - Bean 'wallFilter' of type [com.alibaba.druid.wall.WallFilter] is not eligible for getting processed by all BeanPostProcessors (for example: not eligible for auto-proxying)
17:48:49.121 logback [main] INFO  o.s.c.s.PostProcessorRegistrationDelegate$BeanPostProcessorChecker - Bean 'dataSource' of type [com.alibaba.druid.pool.DruidDataSource] is not eligible for getting processed by all BeanPostProcessors (for example: not eligible for auto-proxying)
17:48:49.126 logback [main] INFO  o.s.c.s.PostProcessorRegistrationDelegate$BeanPostProcessorChecker - Bean 'org.springframework.boot.autoconfigure.jdbc.DataSourceAutoConfiguration' of type [org.springframework.boot.autoconfigure.jdbc.DataSourceAutoConfiguration$$EnhancerBySpringCGLIB$$dbb3b728] is not eligible for getting processed by all BeanPostProcessors (for example: not eligible for auto-proxying)
17:48:49.261 logback [main] INFO  o.s.c.s.PostProcessorRegistrationDelegate$BeanPostProcessorChecker - Bean 'spring.datasource-org.springframework.boot.autoconfigure.jdbc.DataSourceProperties' of type [org.springframework.boot.autoconfigure.jdbc.DataSourceProperties] is not eligible for getting processed by all BeanPostProcessors (for example: not eligible for auto-proxying)
17:48:49.274 logback [main] INFO  o.s.c.s.PostProcessorRegistrationDelegate$BeanPostProcessorChecker - Bean 'dataSourceInitializer' of type [org.springframework.boot.autoconfigure.jdbc.DataSourceInitializer] is not eligible for getting processed by all BeanPostProcessors (for example: not eligible for auto-proxying)
17:48:49.276 logback [main] INFO  o.s.c.s.PostProcessorRegistrationDelegate$BeanPostProcessorChecker - Bean 'transationManagementConfiguration' of type [com.hc.system.config.service.TransationManagementConfiguration$$EnhancerBySpringCGLIB$$77bedb87] is not eligible for getting processed by all BeanPostProcessors (for example: not eligible for auto-proxying)
17:48:49.283 logback [main] INFO  o.s.c.s.PostProcessorRegistrationDelegate$BeanPostProcessorChecker - Bean 'org.springframework.transaction.annotation.ProxyTransactionManagementConfiguration' of type [org.springframework.transaction.annotation.ProxyTransactionManagementConfiguration$$EnhancerBySpringCGLIB$$f9c013c8] is not eligible for getting processed by all BeanPostProcessors (for example: not eligible for auto-proxying)
17:48:49.830 logback [main] INFO  o.s.b.c.e.t.TomcatEmbeddedServletContainer - Tomcat initialized with port(s): 8080 (http)
17:48:49.845 logback [main] INFO  o.a.catalina.core.StandardService - Starting service [Tomcat]
17:48:49.856 logback [main] INFO  o.a.catalina.core.StandardEngine - Starting Servlet Engine: Apache Tomcat/8.5.27
17:48:50.005 logback [localhost-startStop-1] INFO  o.a.c.c.C.[.[localhost].[/hc-system] - Initializing Spring embedded WebApplicationContext
17:48:50.005 logback [localhost-startStop-1] INFO  o.s.web.context.ContextLoader - Root WebApplicationContext: initialization completed in 3356 ms
17:48:50.229 logback [localhost-startStop-1] INFO  o.s.b.w.s.ServletRegistrationBean - Mapping servlet: 'statViewServlet' to [/druid/*]
17:48:50.230 logback [localhost-startStop-1] INFO  o.s.b.w.s.ServletRegistrationBean - Mapping servlet: 'dispatcherServlet' to [/]
17:48:50.234 logback [localhost-startStop-1] INFO  o.s.b.w.s.FilterRegistrationBean - Mapping filter: 'characterEncodingFilter' to: [/*]
17:48:50.234 logback [localhost-startStop-1] INFO  o.s.b.w.s.FilterRegistrationBean - Mapping filter: 'hiddenHttpMethodFilter' to: [/*]
17:48:50.234 logback [localhost-startStop-1] INFO  o.s.b.w.s.FilterRegistrationBean - Mapping filter: 'httpPutFormContentFilter' to: [/*]
17:48:50.234 logback [localhost-startStop-1] INFO  o.s.b.w.s.FilterRegistrationBean - Mapping filter: 'requestContextFilter' to: [/*]
17:48:50.235 logback [localhost-startStop-1] INFO  o.s.b.w.s.FilterRegistrationBean - Mapping filter: 'webStatFilter' to urls: [/*]
17:48:51.564 logback [main] INFO  o.s.w.s.m.m.a.RequestMappingHandlerMapping - Mapped "{[/manage/getareabyid],methods=[GET]}" onto public java.util.Map<java.lang.String, java.lang.Object> com.hc.system.controller.AreaController.getAreaById(java.lang.Integer)
17:48:51.566 logback [main] INFO  o.s.w.s.m.m.a.RequestMappingHandlerMapping - Mapped "{[/manage/modifyarea],methods=[POST]}" onto public java.util.Map<java.lang.String, java.lang.Object> com.hc.system.controller.AreaController.modifyArea(com.hc.system.entity.Area)
17:48:51.573 logback [main] INFO  o.s.w.s.m.m.a.RequestMappingHandlerMapping - Mapped "{[/manage/list_area],methods=[GET]}" onto public java.util.Map<java.lang.String, java.lang.Object> com.hc.system.controller.AreaController.listArea()
17:48:51.573 logback [main] INFO  o.s.w.s.m.m.a.RequestMappingHandlerMapping - Mapped "{[/manage/addarea],methods=[POST]}" onto public java.util.Map<java.lang.String, java.lang.Object> com.hc.system.controller.AreaController.addArea(com.hc.system.entity.Area)
17:48:51.575 logback [main] INFO  o.s.w.s.m.m.a.RequestMappingHandlerMapping - Mapped "{[/manage/removearea],methods=[GET]}" onto public java.util.Map<java.lang.String, java.lang.Object> com.hc.system.controller.AreaController.removeArea(java.lang.Integer)
17:48:51.576 logback [main] INFO  o.s.w.s.m.m.a.RequestMappingHandlerMapping - Mapped "{[/redis/test]}" onto public java.lang.Object com.hc.system.controller.RedisController.test()
17:48:51.578 logback [main] INFO  o.s.w.s.m.m.a.RequestMappingHandlerMapping - Mapped "{[/v2/api-docs],methods=[GET],produces=[application/json || application/hal+json]}" onto public org.springframework.http.ResponseEntity<springfox.documentation.spring.web.json.Json> springfox.documentation.swagger2.web.Swagger2Controller.getDocumentation(java.lang.String,javax.servlet.http.HttpServletRequest)
17:48:51.585 logback [main] INFO  o.s.w.s.m.m.a.RequestMappingHandlerMapping - Mapped "{[/swagger-resources/configuration/security]}" onto org.springframework.http.ResponseEntity<springfox.documentation.swagger.web.SecurityConfiguration> springfox.documentation.swagger.web.ApiResourceController.securityConfiguration()
17:48:51.585 logback [main] INFO  o.s.w.s.m.m.a.RequestMappingHandlerMapping - Mapped "{[/swagger-resources/configuration/ui]}" onto org.springframework.http.ResponseEntity<springfox.documentation.swagger.web.UiConfiguration> springfox.documentation.swagger.web.ApiResourceController.uiConfiguration()
17:48:51.586 logback [main] INFO  o.s.w.s.m.m.a.RequestMappingHandlerMapping - Mapped "{[/swagger-resources]}" onto org.springframework.http.ResponseEntity<java.util.List<springfox.documentation.swagger.web.SwaggerResource>> springfox.documentation.swagger.web.ApiResourceController.swaggerResources()
17:48:51.592 logback [main] INFO  o.s.w.s.m.m.a.RequestMappingHandlerMapping - Mapped "{[/error]}" onto public org.springframework.http.ResponseEntity<java.util.Map<java.lang.String, java.lang.Object>> org.springframework.boot.autoconfigure.web.BasicErrorController.error(javax.servlet.http.HttpServletRequest)
17:48:51.592 logback [main] INFO  o.s.w.s.m.m.a.RequestMappingHandlerMapping - Mapped "{[/error],produces=[text/html]}" onto public org.springframework.web.servlet.ModelAndView org.springframework.boot.autoconfigure.web.BasicErrorController.errorHtml(javax.servlet.http.HttpServletRequest,javax.servlet.http.HttpServletResponse)
17:48:52.065 logback [main] INFO  o.s.w.s.m.m.a.RequestMappingHandlerAdapter - Looking for @ControllerAdvice: org.springframework.boot.context.embedded.AnnotationConfigEmbeddedWebApplicationContext@769e7ee8: startup date [Mon Mar 26 17:48:46 CST 2018]; root of context hierarchy
17:48:52.111 logback [main] INFO  o.s.w.s.h.SimpleUrlHandlerMapping - Mapped URL path [/toLogin] onto handler of type [class org.springframework.web.servlet.mvc.ParameterizableViewController]
17:48:52.137 logback [main] INFO  o.s.w.s.h.SimpleUrlHandlerMapping - Mapped URL path [/my/**] onto handler of type [class org.springframework.web.servlet.resource.ResourceHttpRequestHandler]
17:48:52.137 logback [main] INFO  o.s.w.s.h.SimpleUrlHandlerMapping - Mapped URL path [/webjars/**] onto handler of type [class org.springframework.web.servlet.resource.ResourceHttpRequestHandler]
17:48:52.137 logback [main] INFO  o.s.w.s.h.SimpleUrlHandlerMapping - Mapped URL path [/**] onto handler of type [class org.springframework.web.servlet.resource.ResourceHttpRequestHandler]
17:48:52.161 logback [main] INFO  o.s.w.s.m.m.a.ExceptionHandlerExceptionResolver - Detected @ExceptionHandler methods in globalExceptionHandler
17:48:52.191 logback [main] INFO  o.s.w.s.h.SimpleUrlHandlerMapping - Mapped URL path [/**/favicon.ico] onto handler of type [class org.springframework.web.servlet.resource.ResourceHttpRequestHandler]
17:48:52.793 logback [main] INFO  o.s.j.e.a.AnnotationMBeanExporter - Registering beans for JMX exposure on startup
17:48:52.795 logback [main] INFO  o.s.j.e.a.AnnotationMBeanExporter - Bean with name 'dataSource' has been autodetected for JMX exposure
17:48:52.795 logback [main] INFO  o.s.j.e.a.AnnotationMBeanExporter - Bean with name 'statFilter' has been autodetected for JMX exposure
17:48:52.795 logback [main] INFO  o.s.j.e.a.AnnotationMBeanExporter - Bean with name 'wallFilter' has been autodetected for JMX exposure
17:48:52.808 logback [main] INFO  o.s.j.e.a.AnnotationMBeanExporter - Located MBean 'dataSource': registering with JMX server as MBean [com.alibaba.druid.pool:name=dataSource,type=DruidDataSource]
17:48:52.820 logback [main] INFO  o.s.j.e.a.AnnotationMBeanExporter - Located MBean 'wallFilter': registering with JMX server as MBean [com.alibaba.druid.wall:name=wallFilter,type=WallFilter]
17:48:52.823 logback [main] INFO  o.s.j.e.a.AnnotationMBeanExporter - Located MBean 'statFilter': registering with JMX server as MBean [com.alibaba.druid.filter.stat:name=statFilter,type=StatFilter]
17:48:52.826 logback [main] INFO  o.s.c.s.DefaultLifecycleProcessor - Starting beans in phase 2147483647
17:48:52.827 logback [main] INFO  s.d.s.w.p.DocumentationPluginsBootstrapper - Context refreshed
17:48:52.855 logback [main] INFO  s.d.s.w.p.DocumentationPluginsBootstrapper - Found 1 custom documentation plugin(s)
17:48:52.875 logback [main] INFO  s.d.s.w.s.ApiListingReferenceScanner - Scanning for api listing references
17:48:53.197 logback [main] INFO  o.a.coyote.http11.Http11NioProtocol - Initializing ProtocolHandler ["http-nio-8080"]
17:48:53.210 logback [main] INFO  o.a.coyote.http11.Http11NioProtocol - Starting ProtocolHandler ["http-nio-8080"]
17:48:53.222 logback [main] INFO  o.a.tomcat.util.net.NioSelectorPool - Using a shared selector for servlet write/read
17:48:53.256 logback [main] INFO  o.s.b.c.e.t.TomcatEmbeddedServletContainer - Tomcat started on port(s): 8080 (http)
17:48:53.264 logback [main] INFO  com.hc.system.HcSystemApplication - Started HcSystemApplication in 7.256 seconds (JVM running for 7.718)
17:49:00.911 logback [http-nio-8080-exec-3] INFO  o.a.c.c.C.[.[localhost].[/hc-system] - Initializing Spring FrameworkServlet 'dispatcherServlet'
17:49:00.912 logback [http-nio-8080-exec-3] INFO  o.s.web.servlet.DispatcherServlet - FrameworkServlet 'dispatcherServlet': initialization started
17:49:00.928 logback [http-nio-8080-exec-3] INFO  o.s.web.servlet.DispatcherServlet - FrameworkServlet 'dispatcherServlet': initialization completed in 16 ms
17:50:41.710 logback [main] INFO  com.hc.system.HcSystemApplication - Starting HcSystemApplication on camus-PC-201410201133 with PID 8544 (E:\intellij-hc\demo\hc-system\target\classes started by Administrator in E:\intellij-hc\demo\hc-system)
17:50:41.713 logback [main] INFO  com.hc.system.HcSystemApplication - No active profile set, falling back to default profiles: default
17:50:41.768 logback [main] INFO  o.s.b.c.e.AnnotationConfigEmbeddedWebApplicationContext - Refreshing org.springframework.boot.context.embedded.AnnotationConfigEmbeddedWebApplicationContext@769e7ee8: startup date [Mon Mar 26 17:50:41 CST 2018]; root of context hierarchy
17:50:42.195 logback [background-preinit] INFO  o.h.validator.internal.util.Version - HV000001: Hibernate Validator 5.3.6.Final
17:50:43.517 logback [main] INFO  o.s.d.r.c.RepositoryConfigurationDelegate - Multiple Spring Data modules found, entering strict repository configuration mode!
17:50:44.128 logback [main] INFO  o.s.c.s.PostProcessorRegistrationDelegate$BeanPostProcessorChecker - Bean 'druidConfig' of type [com.hc.system.config.dao.DruidConfig$$EnhancerBySpringCGLIB$$7f4dae43] is not eligible for getting processed by all BeanPostProcessors (for example: not eligible for auto-proxying)
17:50:44.225 logback [main] INFO  o.s.c.s.PostProcessorRegistrationDelegate$BeanPostProcessorChecker - Bean 'statFilter' of type [com.alibaba.druid.filter.stat.StatFilter] is not eligible for getting processed by all BeanPostProcessors (for example: not eligible for auto-proxying)
17:50:44.246 logback [main] INFO  o.s.c.s.PostProcessorRegistrationDelegate$BeanPostProcessorChecker - Bean 'wallFilter' of type [com.alibaba.druid.wall.WallFilter] is not eligible for getting processed by all BeanPostProcessors (for example: not eligible for auto-proxying)
17:50:44.279 logback [main] INFO  o.s.c.s.PostProcessorRegistrationDelegate$BeanPostProcessorChecker - Bean 'dataSource' of type [com.alibaba.druid.pool.DruidDataSource] is not eligible for getting processed by all BeanPostProcessors (for example: not eligible for auto-proxying)
17:50:44.289 logback [main] INFO  o.s.c.s.PostProcessorRegistrationDelegate$BeanPostProcessorChecker - Bean 'org.springframework.boot.autoconfigure.jdbc.DataSourceAutoConfiguration' of type [org.springframework.boot.autoconfigure.jdbc.DataSourceAutoConfiguration$$EnhancerBySpringCGLIB$$9cd9ad29] is not eligible for getting processed by all BeanPostProcessors (for example: not eligible for auto-proxying)
17:50:44.423 logback [main] INFO  o.s.c.s.PostProcessorRegistrationDelegate$BeanPostProcessorChecker - Bean 'spring.datasource-org.springframework.boot.autoconfigure.jdbc.DataSourceProperties' of type [org.springframework.boot.autoconfigure.jdbc.DataSourceProperties] is not eligible for getting processed by all BeanPostProcessors (for example: not eligible for auto-proxying)
17:50:44.441 logback [main] INFO  o.s.c.s.PostProcessorRegistrationDelegate$BeanPostProcessorChecker - Bean 'dataSourceInitializer' of type [org.springframework.boot.autoconfigure.jdbc.DataSourceInitializer] is not eligible for getting processed by all BeanPostProcessors (for example: not eligible for auto-proxying)
17:50:44.443 logback [main] INFO  o.s.c.s.PostProcessorRegistrationDelegate$BeanPostProcessorChecker - Bean 'transationManagementConfiguration' of type [com.hc.system.config.service.TransationManagementConfiguration$$EnhancerBySpringCGLIB$$38e4d188] is not eligible for getting processed by all BeanPostProcessors (for example: not eligible for auto-proxying)
17:50:44.454 logback [main] INFO  o.s.c.s.PostProcessorRegistrationDelegate$BeanPostProcessorChecker - Bean 'org.springframework.transaction.annotation.ProxyTransactionManagementConfiguration' of type [org.springframework.transaction.annotation.ProxyTransactionManagementConfiguration$$EnhancerBySpringCGLIB$$bae609c9] is not eligible for getting processed by all BeanPostProcessors (for example: not eligible for auto-proxying)
17:50:44.923 logback [main] INFO  o.s.b.c.e.t.TomcatEmbeddedServletContainer - Tomcat initialized with port(s): 8080 (http)
17:50:44.932 logback [main] INFO  o.a.catalina.core.StandardService - Starting service [Tomcat]
17:50:44.933 logback [main] INFO  o.a.catalina.core.StandardEngine - Starting Servlet Engine: Apache Tomcat/8.5.27
17:50:45.188 logback [localhost-startStop-1] INFO  o.a.c.c.C.[.[localhost].[/hc-system] - Initializing Spring embedded WebApplicationContext
17:50:45.188 logback [localhost-startStop-1] INFO  o.s.web.context.ContextLoader - Root WebApplicationContext: initialization completed in 3420 ms
17:50:45.376 logback [localhost-startStop-1] INFO  o.s.b.w.s.ServletRegistrationBean - Mapping servlet: 'statViewServlet' to [/druid/*]
17:50:45.378 logback [localhost-startStop-1] INFO  o.s.b.w.s.ServletRegistrationBean - Mapping servlet: 'dispatcherServlet' to [/]
17:50:45.381 logback [localhost-startStop-1] INFO  o.s.b.w.s.FilterRegistrationBean - Mapping filter: 'characterEncodingFilter' to: [/*]
17:50:45.382 logback [localhost-startStop-1] INFO  o.s.b.w.s.FilterRegistrationBean - Mapping filter: 'hiddenHttpMethodFilter' to: [/*]
17:50:45.382 logback [localhost-startStop-1] INFO  o.s.b.w.s.FilterRegistrationBean - Mapping filter: 'httpPutFormContentFilter' to: [/*]
17:50:45.383 logback [localhost-startStop-1] INFO  o.s.b.w.s.FilterRegistrationBean - Mapping filter: 'requestContextFilter' to: [/*]
17:50:45.384 logback [localhost-startStop-1] INFO  o.s.b.w.s.FilterRegistrationBean - Mapping filter: 'webStatFilter' to urls: [/*]
17:50:46.660 logback [main] INFO  o.s.w.s.m.m.a.RequestMappingHandlerMapping - Mapped "{[/manage/getareabyid],methods=[GET]}" onto public java.util.Map<java.lang.String, java.lang.Object> com.hc.system.controller.AreaController.getAreaById(java.lang.Integer)
17:50:46.661 logback [main] INFO  o.s.w.s.m.m.a.RequestMappingHandlerMapping - Mapped "{[/manage/addarea],methods=[POST]}" onto public java.util.Map<java.lang.String, java.lang.Object> com.hc.system.controller.AreaController.addArea(com.hc.system.entity.Area)
17:50:46.661 logback [main] INFO  o.s.w.s.m.m.a.RequestMappingHandlerMapping - Mapped "{[/manage/list_area],methods=[GET]}" onto public java.util.Map<java.lang.String, java.lang.Object> com.hc.system.controller.AreaController.listArea()
17:50:46.662 logback [main] INFO  o.s.w.s.m.m.a.RequestMappingHandlerMapping - Mapped "{[/manage/modifyarea],methods=[POST]}" onto public java.util.Map<java.lang.String, java.lang.Object> com.hc.system.controller.AreaController.modifyArea(com.hc.system.entity.Area)
17:50:46.662 logback [main] INFO  o.s.w.s.m.m.a.RequestMappingHandlerMapping - Mapped "{[/manage/removearea],methods=[GET]}" onto public java.util.Map<java.lang.String, java.lang.Object> com.hc.system.controller.AreaController.removeArea(java.lang.Integer)
17:50:46.666 logback [main] INFO  o.s.w.s.m.m.a.RequestMappingHandlerMapping - Mapped "{[/redis/test]}" onto public java.lang.Object com.hc.system.controller.RedisController.test()
17:50:46.667 logback [main] INFO  o.s.w.s.m.m.a.RequestMappingHandlerMapping - Mapped "{[/v2/api-docs],methods=[GET],produces=[application/json || application/hal+json]}" onto public org.springframework.http.ResponseEntity<springfox.documentation.spring.web.json.Json> springfox.documentation.swagger2.web.Swagger2Controller.getDocumentation(java.lang.String,javax.servlet.http.HttpServletRequest)
17:50:46.672 logback [main] INFO  o.s.w.s.m.m.a.RequestMappingHandlerMapping - Mapped "{[/swagger-resources/configuration/security]}" onto org.springframework.http.ResponseEntity<springfox.documentation.swagger.web.SecurityConfiguration> springfox.documentation.swagger.web.ApiResourceController.securityConfiguration()
17:50:46.673 logback [main] INFO  o.s.w.s.m.m.a.RequestMappingHandlerMapping - Mapped "{[/swagger-resources/configuration/ui]}" onto org.springframework.http.ResponseEntity<springfox.documentation.swagger.web.UiConfiguration> springfox.documentation.swagger.web.ApiResourceController.uiConfiguration()
17:50:46.674 logback [main] INFO  o.s.w.s.m.m.a.RequestMappingHandlerMapping - Mapped "{[/swagger-resources]}" onto org.springframework.http.ResponseEntity<java.util.List<springfox.documentation.swagger.web.SwaggerResource>> springfox.documentation.swagger.web.ApiResourceController.swaggerResources()
17:50:46.678 logback [main] INFO  o.s.w.s.m.m.a.RequestMappingHandlerMapping - Mapped "{[/error]}" onto public org.springframework.http.ResponseEntity<java.util.Map<java.lang.String, java.lang.Object>> org.springframework.boot.autoconfigure.web.BasicErrorController.error(javax.servlet.http.HttpServletRequest)
17:50:46.679 logback [main] INFO  o.s.w.s.m.m.a.RequestMappingHandlerMapping - Mapped "{[/error],produces=[text/html]}" onto public org.springframework.web.servlet.ModelAndView org.springframework.boot.autoconfigure.web.BasicErrorController.errorHtml(javax.servlet.http.HttpServletRequest,javax.servlet.http.HttpServletResponse)
17:50:47.129 logback [main] INFO  o.s.w.s.m.m.a.RequestMappingHandlerAdapter - Looking for @ControllerAdvice: org.springframework.boot.context.embedded.AnnotationConfigEmbeddedWebApplicationContext@769e7ee8: startup date [Mon Mar 26 17:50:41 CST 2018]; root of context hierarchy
17:50:47.180 logback [main] INFO  o.s.w.s.h.SimpleUrlHandlerMapping - Mapped URL path [/toLogin] onto handler of type [class org.springframework.web.servlet.mvc.ParameterizableViewController]
17:50:47.202 logback [main] INFO  o.s.w.s.h.SimpleUrlHandlerMapping - Mapped URL path [/my/**] onto handler of type [class org.springframework.web.servlet.resource.ResourceHttpRequestHandler]
17:50:47.202 logback [main] INFO  o.s.w.s.h.SimpleUrlHandlerMapping - Mapped URL path [/webjars/**] onto handler of type [class org.springframework.web.servlet.resource.ResourceHttpRequestHandler]
17:50:47.202 logback [main] INFO  o.s.w.s.h.SimpleUrlHandlerMapping - Mapped URL path [/**] onto handler of type [class org.springframework.web.servlet.resource.ResourceHttpRequestHandler]
17:50:47.221 logback [main] INFO  o.s.w.s.m.m.a.ExceptionHandlerExceptionResolver - Detected @ExceptionHandler methods in globalExceptionHandler
17:50:47.251 logback [main] INFO  o.s.w.s.h.SimpleUrlHandlerMapping - Mapped URL path [/**/favicon.ico] onto handler of type [class org.springframework.web.servlet.resource.ResourceHttpRequestHandler]
17:50:47.817 logback [main] INFO  o.s.j.e.a.AnnotationMBeanExporter - Registering beans for JMX exposure on startup
17:50:47.821 logback [main] INFO  o.s.j.e.a.AnnotationMBeanExporter - Bean with name 'dataSource' has been autodetected for JMX exposure
17:50:47.821 logback [main] INFO  o.s.j.e.a.AnnotationMBeanExporter - Bean with name 'statFilter' has been autodetected for JMX exposure
17:50:47.821 logback [main] INFO  o.s.j.e.a.AnnotationMBeanExporter - Bean with name 'wallFilter' has been autodetected for JMX exposure
17:50:47.830 logback [main] INFO  o.s.j.e.a.AnnotationMBeanExporter - Located MBean 'dataSource': registering with JMX server as MBean [com.alibaba.druid.pool:name=dataSource,type=DruidDataSource]
17:50:47.832 logback [main] INFO  o.s.j.e.a.AnnotationMBeanExporter - Located MBean 'wallFilter': registering with JMX server as MBean [com.alibaba.druid.wall:name=wallFilter,type=WallFilter]
17:50:47.833 logback [main] INFO  o.s.j.e.a.AnnotationMBeanExporter - Located MBean 'statFilter': registering with JMX server as MBean [com.alibaba.druid.filter.stat:name=statFilter,type=StatFilter]
17:50:47.839 logback [main] INFO  o.s.c.s.DefaultLifecycleProcessor - Starting beans in phase 2147483647
17:50:47.839 logback [main] INFO  s.d.s.w.p.DocumentationPluginsBootstrapper - Context refreshed
17:50:47.864 logback [main] INFO  s.d.s.w.p.DocumentationPluginsBootstrapper - Found 1 custom documentation plugin(s)
17:50:47.891 logback [main] INFO  s.d.s.w.s.ApiListingReferenceScanner - Scanning for api listing references
17:50:48.171 logback [main] INFO  o.a.coyote.http11.Http11NioProtocol - Initializing ProtocolHandler ["http-nio-8080"]
17:50:48.183 logback [main] INFO  o.a.coyote.http11.Http11NioProtocol - Starting ProtocolHandler ["http-nio-8080"]
17:50:48.194 logback [main] INFO  o.a.tomcat.util.net.NioSelectorPool - Using a shared selector for servlet write/read
17:50:48.233 logback [main] INFO  o.s.b.c.e.t.TomcatEmbeddedServletContainer - Tomcat started on port(s): 8080 (http)
17:50:48.239 logback [main] INFO  com.hc.system.HcSystemApplication - Started HcSystemApplication in 7.023 seconds (JVM running for 7.39)
17:52:25.256 logback [http-nio-8080-exec-1] INFO  o.a.c.c.C.[.[localhost].[/hc-system] - Initializing Spring FrameworkServlet 'dispatcherServlet'
17:52:25.256 logback [http-nio-8080-exec-1] INFO  o.s.web.servlet.DispatcherServlet - FrameworkServlet 'dispatcherServlet': initialization started
17:52:25.271 logback [http-nio-8080-exec-1] INFO  o.s.web.servlet.DispatcherServlet - FrameworkServlet 'dispatcherServlet': initialization completed in 15 ms
